#
# There is insufficient memory for the Java Runtime Environment to continue.
# Native memory allocation (malloc) failed to allocate 1632640 bytes for Chunk::new
# Possible reasons:
#   The system is out of physical RAM or swap space
#   The process is running with CompressedOops enabled, and the Java Heap may be blocking the growth of the native heap
# Possible solutions:
#   Reduce memory load on the system
#   Increase physical memory or swap space
#   Check if swap backing store is full
#   Decrease Java heap size (-Xmx/-Xms)
#   Decrease number of Java threads
#   Decrease Java thread stack sizes (-Xss)
#   Set larger code cache with -XX:ReservedCodeCacheSize=
#   JVM is running with Unscaled Compressed Oops mode in which the Java heap is
#     placed in the first 4GB address space. The Java Heap base address is the
#     maximum limit for the native heap growth. Please use -XX:HeapBaseMinAddress
#     to set the Java Heap base and to place the Java Heap above 4GB virtual address.
# This output file may be truncated or incomplete.
#
#  Out of Memory Error (allocation.cpp:389), pid=45188, tid=0x00000000000093a4
#
# JRE version: OpenJDK Runtime Environment (8.0_202-b03) (build 1.8.0_202-release-1483-b03)
# Java VM: OpenJDK 64-Bit Server VM (25.202-b03 mixed mode windows-amd64 compressed oops)
# Failed to write core dump. Minidumps are not enabled by default on client versions of Windows
#

---------------  T H R E A D  ---------------

Current thread (0x0000000018a67000):  JavaThread "C2 CompilerThread2" daemon [_thread_in_native, id=37796, stack(0x0000000019550000,0x0000000019650000)]

Stack: [0x0000000019550000,0x0000000019650000]
[error occurred during error reporting (printing stack bounds), id 0xc0000005]

Native frames: (J=compiled Java code, j=interpreted, Vv=VM code, C=native code)


Current CompileTask:
C2: 645813 8585   !   4       java.io.ObjectOutputStream::writeObject0 (619 bytes)


---------------  P R O C E S S  ---------------

Java Threads: ( => current thread )
  0x000000001b098800 JavaThread "WorkerExecutor Queue Thread 2" [_thread_blocked, id=45504, stack(0x0000000027280000,0x0000000027380000)]
  0x000000001aeb9000 JavaThread "stdout" [_thread_in_native, id=45940, stack(0x0000000027180000,0x0000000027280000)]
  0x000000001aebf000 JavaThread "stderr" [_thread_in_native, id=41136, stack(0x0000000027080000,0x0000000027180000)]
  0x000000001ea05000 JavaThread "pool-3-thread-1" [_thread_blocked, id=46072, stack(0x0000000026f80000,0x0000000027080000)]
  0x000000001ea04000 JavaThread "WorkerExecutor Queue" [_thread_blocked, id=43536, stack(0x0000000026e80000,0x0000000026f80000)]
  0x000000001e9fb000 JavaThread "Cache worker for execution history cache (C:\Games\Activity13\.gradle\5.4.1\executionHistory)" [_thread_blocked, id=58728, stack(0x0000000026b80000,0x0000000026c80000)]
  0x000000001ea01000 JavaThread "Execution worker for ':' Thread 7" [_thread_blocked, id=51572, stack(0x0000000026a80000,0x0000000026b80000)]
  0x000000001e9f9800 JavaThread "Execution worker for ':' Thread 6" [_thread_blocked, id=49084, stack(0x0000000026980000,0x0000000026a80000)]
  0x000000001ea00800 JavaThread "Execution worker for ':' Thread 5" [_thread_blocked, id=57372, stack(0x0000000026880000,0x0000000026980000)]
  0x000000001e9fc800 JavaThread "Execution worker for ':' Thread 4" [_thread_blocked, id=31804, stack(0x0000000026780000,0x0000000026880000)]
  0x000000001e9f9000 JavaThread "Execution worker for ':' Thread 3" [_thread_blocked, id=60896, stack(0x0000000026680000,0x0000000026780000)]
  0x000000001e9ff800 JavaThread "Execution worker for ':' Thread 2" [_thread_blocked, id=58332, stack(0x0000000026580000,0x0000000026680000)]
  0x000000001e9ff000 JavaThread "Execution worker for ':'" [_thread_blocked, id=55536, stack(0x0000000026480000,0x0000000026580000)]
  0x000000001e9fd800 JavaThread "Cache worker for file content cache (C:\Games\Activity13\.gradle\5.4.1\fileContent)" [_thread_blocked, id=22316, stack(0x0000000026180000,0x0000000026280000)]
  0x000000001e9f7800 JavaThread "Cache worker for file content cache (C:\Users\ﾃ］gel\.gradle\caches\5.4.1\fileContent)" [_thread_blocked, id=20580, stack(0x0000000026080000,0x0000000026180000)]
  0x0000000018d03800 JavaThread "Cache worker for Build Output Cleanup Cache (C:\Games\Activity13\.gradle\buildOutputCleanup)" [_thread_blocked, id=30988, stack(0x0000000025f80000,0x0000000026080000)]
  0x0000000018d04000 JavaThread "pool-2-thread-1" [_thread_blocked, id=3624, stack(0x0000000023c50000,0x0000000023d50000)]
  0x0000000018d07000 JavaThread "Build operations Thread 8" [_thread_blocked, id=45900, stack(0x0000000023950000,0x0000000023a50000)]
  0x0000000018d06800 JavaThread "Build operations Thread 7" [_thread_blocked, id=52124, stack(0x0000000023450000,0x0000000023550000)]
  0x0000000018d05000 JavaThread "Build operations Thread 6" [_thread_blocked, id=57148, stack(0x0000000023350000,0x0000000023450000)]
  0x0000000018d02800 JavaThread "Build operations Thread 5" [_thread_blocked, id=58256, stack(0x0000000023250000,0x0000000023350000)]
  0x0000000018d02000 JavaThread "Build operations Thread 4" [_thread_blocked, id=49172, stack(0x0000000023150000,0x0000000023250000)]
  0x0000000018d05800 JavaThread "Build operations Thread 3" [_thread_blocked, id=48376, stack(0x0000000021e30000,0x0000000021f30000)]
  0x0000000018cfa800 JavaThread "Build operations Thread 2" [_thread_blocked, id=51180, stack(0x0000000021d30000,0x0000000021e30000)]
  0x0000000018d01000 JavaThread "Build operations" [_thread_blocked, id=58356, stack(0x0000000021c30000,0x0000000021d30000)]
  0x0000000018cf9800 JavaThread "Cache worker for cache directory md-rule (C:\Users\ﾃ］gel\.gradle\caches\5.4.1\md-rule)" [_thread_blocked, id=56576, stack(0x0000000021b30000,0x0000000021c30000)]
  0x0000000018d00800 JavaThread "Cache worker for cache directory md-supplier (C:\Users\ﾃ］gel\.gradle\caches\5.4.1\md-supplier)" [_thread_blocked, id=57568, stack(0x0000000021530000,0x0000000021630000)]
  0x0000000018cf9000 JavaThread "Cache worker for file hash cache (C:\Games\Activity13\.gradle\5.4.1\fileHashes)" [_thread_blocked, id=55408, stack(0x0000000021190000,0x0000000021290000)]
  0x0000000018cff800 JavaThread "Thread-40" [_thread_blocked, id=57980, stack(0x0000000021090000,0x0000000021190000)]
  0x0000000018cfc800 JavaThread "Stdin handler" [_thread_blocked, id=57872, stack(0x000000001c2d0000,0x000000001c3d0000)]
  0x0000000018cfe000 JavaThread "Asynchronous log dispatcher for DefaultDaemonConnection: socket connection from /127.0.0.1:55841 to /127.0.0.1:55864" [_thread_blocked, id=42608, stack(0x000000001bfd0000,0x000000001c0d0000)]
  0x0000000018cfc000 JavaThread "Daemon worker Thread 2" [_thread_blocked, id=58220, stack(0x000000001bad0000,0x000000001bbd0000)]
  0x0000000018cfd800 JavaThread "Cancel handler" [_thread_blocked, id=52188, stack(0x0000000001390000,0x0000000001490000)]
  0x0000000018cfb000 JavaThread "Handler for socket connection from /127.0.0.1:55841 to /127.0.0.1:55864" [_thread_in_native, id=63588, stack(0x0000000001290000,0x0000000001390000)]
  0x0000000018cf8000 JavaThread "Daemon Thread 2" [_thread_blocked, id=8432, stack(0x0000000001190000,0x0000000001290000)]
  0x000000001ea02800 JavaThread "Memory manager" [_thread_blocked, id=14732, stack(0x0000000024750000,0x0000000024850000)]
  0x000000001e9fe000 JavaThread "Cache worker for execution history cache (C:\Users\ﾃ］gel\.gradle\caches\5.4.1\executionHistory)" [_thread_blocked, id=48996, stack(0x0000000021830000,0x0000000021930000)]
  0x000000001aeba000 JavaThread "Cache worker for journal cache (C:\Users\ﾃ］gel\.gradle\caches\journal-1)" [_thread_blocked, id=46208, stack(0x000000001d5a0000,0x000000001d6a0000)]
  0x000000001aebe800 JavaThread "File lock request listener" [_thread_in_native, id=33072, stack(0x000000001d4a0000,0x000000001d5a0000)]
  0x000000001aebd000 JavaThread "Cache worker for file hash cache (C:\Users\ﾃ］gel\.gradle\caches\5.4.1\fileHashes)" [_thread_blocked, id=29180, stack(0x000000001d3a0000,0x000000001d4a0000)]
  0x000000001afcc000 JavaThread "Daemon periodic checks" [_thread_blocked, id=29352, stack(0x000000001b9d0000,0x000000001bad0000)]
  0x000000001afbb000 JavaThread "Incoming local TCP Connector on port 55841" [_thread_in_native, id=29068, stack(0x000000001b760000,0x000000001b860000)]
  0x000000001af8f000 JavaThread "Daemon health stats" [_thread_blocked, id=48012, stack(0x000000001b120000,0x000000001b220000)]
  0x0000000018af8000 JavaThread "Service Thread" daemon [_thread_blocked, id=48792, stack(0x0000000019750000,0x0000000019850000)]
  0x0000000018a6b000 JavaThread "C1 CompilerThread3" daemon [_thread_blocked, id=57072, stack(0x0000000019650000,0x0000000019750000)]
=>0x0000000018a67000 JavaThread "C2 CompilerThread2" daemon [_thread_in_native, id=37796, stack(0x0000000019550000,0x0000000019650000)]
  0x0000000018a5e800 JavaThread "C2 CompilerThread1" daemon [_thread_blocked, id=48944, stack(0x0000000019450000,0x0000000019550000)]
  0x0000000018a5b000 JavaThread "C2 CompilerThread0" daemon [_thread_blocked, id=42244, stack(0x0000000019350000,0x0000000019450000)]
  0x0000000018a5a000 JavaThread "Attach Listener" daemon [_thread_blocked, id=49664, stack(0x0000000019250000,0x0000000019350000)]
  0x0000000018a65800 JavaThread "Signal Dispatcher" daemon [_thread_blocked, id=46276, stack(0x0000000019150000,0x0000000019250000)]
  0x0000000002e3e000 JavaThread "Finalizer" daemon [_thread_blocked, id=46444, stack(0x0000000018f30000,0x0000000019030000)]
  0x0000000002e35000 JavaThread "Reference Handler" daemon [_thread_blocked, id=47884, stack(0x0000000018e30000,0x0000000018f30000)]
  0x000000000105e800 JavaThread "main" [_thread_blocked, id=48720, stack(0x0000000001490000,0x0000000001590000)]

Other Threads:
  0x0000000016c68000 VMThread [stack: 0x0000000018930000,0x0000000018a30000] [id=46364]
  0x0000000018aab000 WatcherThread [stack: 0x0000000019850000,0x0000000019950000] [id=46496]

VM state:not at safepoint (normal execution)

VM Mutex/Monitor currently owned by a thread: None

heap address: 0x00000000a0000000, size: 1536 MB, Compressed Oops mode: 32-bit
Narrow klass base: 0x0000000000000000, Narrow klass shift: 3
Compressed class space size: 1073741824 Address: 0x0000000100000000

Heap:
 PSYoungGen      total 136704K, used 106397K [0x00000000e0000000, 0x00000000eb580000, 0x0000000100000000)
  eden space 124928K, 75% used [0x00000000e0000000,0x00000000e5c88c88,0x00000000e7a00000)
  from space 11776K, 98% used [0x00000000eaa00000,0x00000000eb55eb58,0x00000000eb580000)
  to   space 17920K, 0% used [0x00000000e9280000,0x00000000e9280000,0x00000000ea400000)
 ParOldGen       total 256512K, used 31046K [0x00000000a0000000, 0x00000000afa80000, 0x00000000e0000000)
  object space 256512K, 12% used [0x00000000a0000000,0x00000000a1e51848,0x00000000afa80000)
 Metaspace       used 65694K, capacity 67732K, committed 68056K, reserved 1107968K
  class space    used 8639K, capacity 9133K, committed 9216K, reserved 1048576K

Card table byte_map: [0x0000000012270000,0x0000000012580000] byte_map_base: 0x0000000011d70000

Marking Bits: (ParMarkBitMap*) 0x000000005ec59f30
 Begin Bits: [0x0000000012f80000, 0x0000000014780000)
 End Bits:   [0x0000000014780000, 0x0000000015f80000)

Polling page: 0x0000000001060000

CodeCache: size=245760Kb used=23765Kb max_used=24101Kb free=221994Kb
 bounds [0x0000000002eb0000, 0x0000000004660000, 0x0000000011eb0000]
 total_blobs=8324 nmethods=7519 adapters=718
 compilation: enabled

Compilation events (10 events):
Event: 645.690 Thread 0x0000000018a6b000 nmethod 8635 0x0000000003c2e550 code [0x0000000003c2e860, 0x0000000003c2fe18]
Event: 645.690 Thread 0x0000000018a6b000 8634   !   3       java.lang.invoke.InnerClassLambdaMetafactory::buildCallSite (156 bytes)
Event: 645.691 Thread 0x0000000018a6b000 nmethod 8634 0x00000000043046d0 code [0x0000000004304a20, 0x0000000004306468]
Event: 645.691 Thread 0x0000000018a6b000 8636       3       java.lang.invoke.InnerClassLambdaMetafactory$ForwardingMethodGenerator::invocationOpcode (93 bytes)
Event: 645.692 Thread 0x0000000018a6b000 nmethod 8636 0x00000000031b87d0 code [0x00000000031b89c0, 0x00000000031b9258]
Event: 645.692 Thread 0x0000000018a6b000 8637       3       java.lang.invoke.InnerClassLambdaMetafactory::getReturnOpcode (20 bytes)
Event: 645.692 Thread 0x0000000018a6b000 nmethod 8637 0x0000000003415b10 code [0x0000000003415c80, 0x0000000003415e48]
Event: 645.693 Thread 0x0000000018a6b000 8639       1       com.google.common.collect.Iterators$ArrayItr::get (12 bytes)
Event: 645.693 Thread 0x0000000018a6b000 nmethod 8639 0x000000000378ae10 code [0x000000000378af60, 0x000000000378b090]
Event: 645.704 Thread 0x0000000018a5b000 nmethod 8638% 0x0000000003f061d0 code [0x0000000003f06380, 0x0000000003f06de0]

GC Heap History (10 events):
Event: 12.603 GC heap before
{Heap before GC invocations=9 (full 2):
 PSYoungGen      total 107520K, used 96256K [0x00000000e0000000, 0x00000000e7600000, 0x0000000100000000)
  eden space 96256K, 100% used [0x00000000e0000000,0x00000000e5e00000,0x00000000e5e00000)
  from space 11264K, 0% used [0x00000000e6b00000,0x00000000e6b00000,0x00000000e7600000)
  to   space 12288K, 0% used [0x00000000e5e00000,0x00000000e5e00000,0x00000000e6a00000)
 ParOldGen       total 177664K, used 17465K [0x00000000a0000000, 0x00000000aad80000, 0x00000000e0000000)
  object space 177664K, 9% used [0x00000000a0000000,0x00000000a110e4d0,0x00000000aad80000)
 Metaspace       used 44755K, capacity 45586K, committed 45912K, reserved 1089536K
  class space    used 6014K, capacity 6241K, committed 6272K, reserved 1048576K
Event: 12.613 GC heap after
Heap after GC invocations=9 (full 2):
 PSYoungGen      total 108544K, used 12265K [0x00000000e0000000, 0x00000000e9980000, 0x0000000100000000)
  eden space 96256K, 0% used [0x00000000e0000000,0x00000000e0000000,0x00000000e5e00000)
  from space 12288K, 99% used [0x00000000e5e00000,0x00000000e69fa578,0x00000000e6a00000)
  to   space 13824K, 0% used [0x00000000e8c00000,0x00000000e8c00000,0x00000000e9980000)
 ParOldGen       total 177664K, used 18100K [0x00000000a0000000, 0x00000000aad80000, 0x00000000e0000000)
  object space 177664K, 10% used [0x00000000a0000000,0x00000000a11ad068,0x00000000aad80000)
 Metaspace       used 44755K, capacity 45586K, committed 45912K, reserved 1089536K
  class space    used 6014K, capacity 6241K, committed 6272K, reserved 1048576K
}
Event: 14.714 GC heap before
{Heap before GC invocations=10 (full 2):
 PSYoungGen      total 108544K, used 108521K [0x00000000e0000000, 0x00000000e9980000, 0x0000000100000000)
  eden space 96256K, 100% used [0x00000000e0000000,0x00000000e5e00000,0x00000000e5e00000)
  from space 12288K, 99% used [0x00000000e5e00000,0x00000000e69fa578,0x00000000e6a00000)
  to   space 13824K, 0% used [0x00000000e8c00000,0x00000000e8c00000,0x00000000e9980000)
 ParOldGen       total 177664K, used 18100K [0x00000000a0000000, 0x00000000aad80000, 0x00000000e0000000)
  object space 177664K, 10% used [0x00000000a0000000,0x00000000a11ad068,0x00000000aad80000)
 Metaspace       used 52181K, capacity 53518K, committed 53848K, reserved 1095680K
  class space    used 7084K, capacity 7434K, committed 7552K, reserved 1048576K
Event: 14.729 GC heap after
Heap after GC invocations=10 (full 2):
 PSYoungGen      total 140800K, used 13794K [0x00000000e0000000, 0x00000000e9f00000, 0x0000000100000000)
  eden space 126976K, 0% used [0x00000000e0000000,0x00000000e0000000,0x00000000e7c00000)
  from space 13824K, 99% used [0x00000000e8c00000,0x00000000e9978908,0x00000000e9980000)
  to   space 16384K, 0% used [0x00000000e7c00000,0x00000000e7c00000,0x00000000e8c00000)
 ParOldGen       total 177664K, used 21111K [0x00000000a0000000, 0x00000000aad80000, 0x00000000e0000000)
  object space 177664K, 11% used [0x00000000a0000000,0x00000000a149dc80,0x00000000aad80000)
 Metaspace       used 52181K, capacity 53518K, committed 53848K, reserved 1095680K
  class space    used 7084K, capacity 7434K, committed 7552K, reserved 1048576K
}
Event: 16.126 GC heap before
{Heap before GC invocations=11 (full 2):
 PSYoungGen      total 140800K, used 87012K [0x00000000e0000000, 0x00000000e9f00000, 0x0000000100000000)
  eden space 126976K, 57% used [0x00000000e0000000,0x00000000e4780798,0x00000000e7c00000)
  from space 13824K, 99% used [0x00000000e8c00000,0x00000000e9978908,0x00000000e9980000)
  to   space 16384K, 0% used [0x00000000e7c00000,0x00000000e7c00000,0x00000000e8c00000)
 ParOldGen       total 177664K, used 21111K [0x00000000a0000000, 0x00000000aad80000, 0x00000000e0000000)
  object space 177664K, 11% used [0x00000000a0000000,0x00000000a149dc80,0x00000000aad80000)
 Metaspace       used 57134K, capacity 58884K, committed 59028K, reserved 1099776K
  class space    used 7793K, capacity 8221K, committed 8320K, reserved 1048576K
Event: 16.139 GC heap after
Heap after GC invocations=11 (full 2):
 PSYoungGen      total 143360K, used 16355K [0x00000000e0000000, 0x00000000ebc00000, 0x0000000100000000)
  eden space 126976K, 0% used [0x00000000e0000000,0x00000000e0000000,0x00000000e7c00000)
  from space 16384K, 99% used [0x00000000e7c00000,0x00000000e8bf8dd8,0x00000000e8c00000)
  to   space 18432K, 0% used [0x00000000eaa00000,0x00000000eaa00000,0x00000000ebc00000)
 ParOldGen       total 177664K, used 21976K [0x00000000a0000000, 0x00000000aad80000, 0x00000000e0000000)
  object space 177664K, 12% used [0x00000000a0000000,0x00000000a1576078,0x00000000aad80000)
 Metaspace       used 57134K, capacity 58884K, committed 59028K, reserved 1099776K
  class space    used 7793K, capacity 8221K, committed 8320K, reserved 1048576K
}
Event: 16.139 GC heap before
{Heap before GC invocations=12 (full 3):
 PSYoungGen      total 143360K, used 16355K [0x00000000e0000000, 0x00000000ebc00000, 0x0000000100000000)
  eden space 126976K, 0% used [0x00000000e0000000,0x00000000e0000000,0x00000000e7c00000)
  from space 16384K, 99% used [0x00000000e7c00000,0x00000000e8bf8dd8,0x00000000e8c00000)
  to   space 18432K, 0% used [0x00000000eaa00000,0x00000000eaa00000,0x00000000ebc00000)
 ParOldGen       total 177664K, used 21976K [0x00000000a0000000, 0x00000000aad80000, 0x00000000e0000000)
  object space 177664K, 12% used [0x00000000a0000000,0x00000000a1576078,0x00000000aad80000)
 Metaspace       used 57134K, capacity 58884K, committed 59028K, reserved 1099776K
  class space    used 7793K, capacity 8221K, committed 8320K, reserved 1048576K
Event: 16.288 GC heap after
Heap after GC invocations=12 (full 3):
 PSYoungGen      total 143360K, used 0K [0x00000000e0000000, 0x00000000ebc00000, 0x0000000100000000)
  eden space 126976K, 0% used [0x00000000e0000000,0x00000000e0000000,0x00000000e7c00000)
  from space 16384K, 0% used [0x00000000e7c00000,0x00000000e7c00000,0x00000000e8c00000)
  to   space 18432K, 0% used [0x00000000eaa00000,0x00000000eaa00000,0x00000000ebc00000)
 ParOldGen       total 256512K, used 31038K [0x00000000a0000000, 0x00000000afa80000, 0x00000000e0000000)
  object space 256512K, 12% used [0x00000000a0000000,0x00000000a1e4f848,0x00000000afa80000)
 Metaspace       used 57042K, capacity 58648K, committed 59028K, reserved 1099776K
  class space    used 7766K, capacity 8171K, committed 8320K, reserved 1048576K
}
Event: 642.140 GC heap before
{Heap before GC invocations=13 (full 3):
 PSYoungGen      total 143360K, used 126976K [0x00000000e0000000, 0x00000000ebc00000, 0x0000000100000000)
  eden space 126976K, 100% used [0x00000000e0000000,0x00000000e7c00000,0x00000000e7c00000)
  from space 16384K, 0% used [0x00000000e7c00000,0x00000000e7c00000,0x00000000e8c00000)
  to   space 18432K, 0% used [0x00000000eaa00000,0x00000000eaa00000,0x00000000ebc00000)
 ParOldGen       total 256512K, used 31038K [0x00000000a0000000, 0x00000000afa80000, 0x00000000e0000000)
  object space 256512K, 12% used [0x00000000a0000000,0x00000000a1e4f848,0x00000000afa80000)
 Metaspace       used 63271K, capacity 65192K, committed 65368K, reserved 1105920K
  class space    used 8343K, capacity 8777K, committed 8832K, reserved 1048576K
Event: 642.149 GC heap after
Heap after GC invocations=13 (full 3):
 PSYoungGen      total 136704K, used 11642K [0x00000000e0000000, 0x00000000eb580000, 0x0000000100000000)
  eden space 124928K, 0% used [0x00000000e0000000,0x00000000e0000000,0x00000000e7a00000)
  from space 11776K, 98% used [0x00000000eaa00000,0x00000000eb55eb58,0x00000000eb580000)
  to   space 17920K, 0% used [0x00000000e9280000,0x00000000e9280000,0x00000000ea400000)
 ParOldGen       total 256512K, used 31046K [0x00000000a0000000, 0x00000000afa80000, 0x00000000e0000000)
  object space 256512K, 12% used [0x00000000a0000000,0x00000000a1e51848,0x00000000afa80000)
 Metaspace       used 63271K, capacity 65192K, committed 65368K, reserved 1105920K
  class space    used 8343K, capacity 8777K, committed 8832K, reserved 1048576K
}

Deoptimization events (10 events):
Event: 644.027 Thread 0x000000001ea00800 Uncommon trap: reason=class_check action=maybe_recompile pc=0x000000000414c808 method=java.io.ObjectOutputStream$BlockDataOutputStream.drain()V @ 36
Event: 644.027 Thread 0x000000001ea00800 Uncommon trap: reason=unstable_if action=reinterpret pc=0x000000000436da8c method=java.io.ObjectStreamClass.writeNonProxy(Ljava/io/ObjectOutputStream;)V @ 53
Event: 644.028 Thread 0x000000001ea00800 Uncommon trap: reason=unstable_if action=reinterpret pc=0x0000000003c35294 method=java.io.ObjectOutputStream$BlockDataOutputStream.getUTFLength(Ljava/lang/String;)J @ 73
Event: 644.029 Thread 0x000000001ea00800 Uncommon trap: reason=unstable_if action=reinterpret pc=0x000000000412448c method=java.io.ObjectOutputStream$BlockDataOutputStream.writeUTF(Ljava/lang/String;J)V @ 29
Event: 644.079 Thread 0x000000001ea00800 Uncommon trap: reason=unstable_if action=reinterpret pc=0x0000000003ac4cd4 method=java.util.TreeMap.put(Ljava/lang/Object;Ljava/lang/Object;)Ljava/lang/Object; @ 163
Event: 644.541 Thread 0x000000001ea01000 Uncommon trap: reason=unstable_if action=reinterpret pc=0x0000000003ce5ba8 method=com.google.common.collect.ImmutableCollection$ArrayBasedBuilder.getReadyToExpandTo(I)V @ 41
Event: 644.610 Thread 0x000000001e9fb000 Uncommon trap: reason=unstable_if action=reinterpret pc=0x0000000003cb1e40 method=com.esotericsoftware.kryo.io.Output.writeString(Ljava/lang/CharSequence;)V @ 50
Event: 644.611 Thread 0x000000001e9fb000 Uncommon trap: reason=unstable_if action=reinterpret pc=0x0000000004144d98 method=com.esotericsoftware.kryo.io.Output.writeBytes([BII)V @ 61
Event: 645.501 Thread 0x000000001ea00800 Uncommon trap: reason=unstable_if action=reinterpret pc=0x0000000004557594 method=com.google.gson.stream.JsonReader.nextString()Ljava/lang/String; @ 6
Event: 645.511 Thread 0x000000001ea00800 Uncommon trap: reason=unstable_if action=reinterpret pc=0x0000000003c3e470 method=java.io.ObjectOutputStream$BlockDataOutputStream.writeBytes(Ljava/lang/String;)V @ 62

Classes redefined (0 events):
No events

Internal exceptions (10 events):
Event: 644.028 Thread 0x000000001ea00800 Exception <a 'java/lang/NoSuchMethodError': <clinit>> (0x00000000e3a41658) thrown at [D:\src\AOSP-openjdk-cygwin\jdk8u\hotspot\src\share\vm\prims\jni.cpp, line 1614]
Event: 644.028 Thread 0x000000001ea00800 Exception <a 'java/lang/NoSuchMethodError': <clinit>> (0x00000000e3a5b6c8) thrown at [D:\src\AOSP-openjdk-cygwin\jdk8u\hotspot\src\share\vm\prims\jni.cpp, line 1614]
Event: 644.028 Thread 0x000000001ea00800 Exception <a 'java/lang/NoSuchMethodError': <clinit>> (0x00000000e3a605b0) thrown at [D:\src\AOSP-openjdk-cygwin\jdk8u\hotspot\src\share\vm\prims\jni.cpp, line 1614]
Event: 644.029 Thread 0x000000001ea00800 Exception <a 'java/lang/NoSuchMethodError': <clinit>> (0x00000000e3a70ed0) thrown at [D:\src\AOSP-openjdk-cygwin\jdk8u\hotspot\src\share\vm\prims\jni.cpp, line 1614]
Event: 644.334 Thread 0x0000000018cfc000 Exception <a 'java/lang/NoSuchMethodError': <clinit>> (0x00000000e40beea8) thrown at [D:\src\AOSP-openjdk-cygwin\jdk8u\hotspot\src\share\vm\prims\jni.cpp, line 1614]
Event: 645.510 Thread 0x000000001ea00800 Exception <a 'java/lang/NoSuchMethodError': <clinit>> (0x00000000e581c750) thrown at [D:\src\AOSP-openjdk-cygwin\jdk8u\hotspot\src\share\vm\prims\jni.cpp, line 1614]
Event: 645.511 Thread 0x000000001ea00800 Exception <a 'java/lang/NoSuchMethodError': <clinit>> (0x00000000e5835a20) thrown at [D:\src\AOSP-openjdk-cygwin\jdk8u\hotspot\src\share\vm\prims\jni.cpp, line 1614]
Event: 645.512 Thread 0x000000001ea00800 Exception <a 'java/lang/NoSuchMethodError': <clinit>> (0x00000000e584df20) thrown at [D:\src\AOSP-openjdk-cygwin\jdk8u\hotspot\src\share\vm\prims\jni.cpp, line 1614]
Event: 645.519 Thread 0x000000001ea00800 Exception <a 'java/lang/NoSuchMethodError': <clinit>> (0x00000000e58b1c20) thrown at [D:\src\AOSP-openjdk-cygwin\jdk8u\hotspot\src\share\vm\prims\jni.cpp, line 1614]
Event: 645.689 Thread 0x000000001ea04000 Exception <a 'java/lang/NoSuchMethodError': java.lang.Object.lambda$negate$1(Ljava/lang/Object;)Z> (0x00000000e5c748a0) thrown at [D:\src\AOSP-openjdk-cygwin\jdk8u\hotspot\src\share\vm\interpreter\linkResolver.cpp, line 620]

Events (10 events):
Event: 645.684 loading class kotlin/comparisons/ComparisonsKt__ComparisonsKt done
Event: 645.686 Thread 0x0000000018a6b000 flushing nmethod 0x0000000004303b90
Event: 645.686 loading class com/android/builder/internal/aapt/AaptUtils
Event: 645.686 loading class com/android/builder/internal/aapt/AaptUtils done
Event: 645.688 loading class com/google/common/collect/Iterables$4
Event: 645.688 loading class com/google/common/collect/Iterables$4 done
Event: 645.688 loading class com/google/common/collect/AbstractIterator$State
Event: 645.688 loading class com/google/common/collect/AbstractIterator$State done
Event: 645.689 loading class com/google/common/collect/AbstractIterator$1
Event: 645.689 loading class com/google/common/collect/AbstractIterator$1 done


Dynamic libraries:
0x00007ff6e0790000 - 0x00007ff6e07c1000 	C:\Program Files\Android\Android Studio\jre\bin\java.exe
0x00007ffcf8c60000 - 0x00007ffcf8e50000 	C:\WINDOWS\SYSTEM32\ntdll.dll
0x00007ffcf6d90000 - 0x00007ffcf6e42000 	C:\WINDOWS\System32\KERNEL32.DLL
0x00007ffcf68b0000 - 0x00007ffcf6b53000 	C:\WINDOWS\System32\KERNELBASE.dll
0x00007ffcf7fa0000 - 0x00007ffcf8043000 	C:\WINDOWS\System32\ADVAPI32.dll
0x00007ffcf74e0000 - 0x00007ffcf757e000 	C:\WINDOWS\System32\msvcrt.dll
0x00007ffcf7d20000 - 0x00007ffcf7db7000 	C:\WINDOWS\System32\sechost.dll
0x00007ffcf7090000 - 0x00007ffcf71b0000 	C:\WINDOWS\System32\RPCRT4.dll
0x00007ffcf7b80000 - 0x00007ffcf7d14000 	C:\WINDOWS\System32\USER32.dll
0x00007ffcf5d70000 - 0x00007ffcf5d91000 	C:\WINDOWS\System32\win32u.dll
0x00007ffcf7290000 - 0x00007ffcf72b6000 	C:\WINDOWS\System32\GDI32.dll
0x00007ffcf5da0000 - 0x00007ffcf5f34000 	C:\WINDOWS\System32\gdi32full.dll
0x00007ffcf5f40000 - 0x00007ffcf5fde000 	C:\WINDOWS\System32\msvcp_win.dll
0x00007ffcf5bf0000 - 0x00007ffcf5cea000 	C:\WINDOWS\System32\ucrtbase.dll
0x00007ffce9590000 - 0x00007ffce9815000 	C:\WINDOWS\WinSxS\amd64_microsoft.windows.common-controls_6595b64144ccf1df_6.0.18362.418_none_e6c6b287130d565d\COMCTL32.dll
0x00007ffcf7580000 - 0x00007ffcf78b6000 	C:\WINDOWS\System32\combase.dll
0x00007ffcf5fe0000 - 0x00007ffcf6060000 	C:\WINDOWS\System32\bcryptPrimitives.dll
0x00007ffcf72e0000 - 0x00007ffcf730e000 	C:\WINDOWS\System32\IMM32.DLL
0x000000005e2d0000 - 0x000000005e3a2000 	C:\Program Files\Android\Android Studio\jre\jre\bin\msvcr100.dll
0x000000005e490000 - 0x000000005ecd6000 	C:\Program Files\Android\Android Studio\jre\jre\bin\server\jvm.dll
0x00007ffcf7f90000 - 0x00007ffcf7f98000 	C:\WINDOWS\System32\PSAPI.DLL
0x00007ffce8d00000 - 0x00007ffce8d24000 	C:\WINDOWS\SYSTEM32\WINMM.dll
0x00007ffcef1a0000 - 0x00007ffcef1a9000 	C:\WINDOWS\SYSTEM32\WSOCK32.dll
0x00007ffceea00000 - 0x00007ffceea0a000 	C:\WINDOWS\SYSTEM32\VERSION.dll
0x00007ffcf8bb0000 - 0x00007ffcf8c1f000 	C:\WINDOWS\System32\WS2_32.dll
0x00007ffce8cd0000 - 0x00007ffce8cfd000 	C:\WINDOWS\SYSTEM32\WINMMBASE.dll
0x00007ffcf5d20000 - 0x00007ffcf5d6a000 	C:\WINDOWS\System32\cfgmgr32.dll
0x00007ffcec640000 - 0x00007ffcec64f000 	C:\Program Files\Android\Android Studio\jre\jre\bin\verify.dll
0x00007ffcded80000 - 0x00007ffcdeda9000 	C:\Program Files\Android\Android Studio\jre\jre\bin\java.dll
0x00007ffcea170000 - 0x00007ffcea186000 	C:\Program Files\Android\Android Studio\jre\jre\bin\zip.dll
0x00007ffcf8050000 - 0x00007ffcf8735000 	C:\WINDOWS\System32\SHELL32.dll
0x00007ffcf6fe0000 - 0x00007ffcf7089000 	C:\WINDOWS\System32\shcore.dll
0x00007ffcf6130000 - 0x00007ffcf68af000 	C:\WINDOWS\System32\windows.storage.dll
0x00007ffcf5bd0000 - 0x00007ffcf5bef000 	C:\WINDOWS\System32\profapi.dll
0x00007ffcf5b80000 - 0x00007ffcf5bca000 	C:\WINDOWS\System32\powrprof.dll
0x00007ffcf5b30000 - 0x00007ffcf5b40000 	C:\WINDOWS\System32\UMPDC.dll
0x00007ffcf6e50000 - 0x00007ffcf6ea2000 	C:\WINDOWS\System32\shlwapi.dll
0x00007ffcf5b40000 - 0x00007ffcf5b51000 	C:\WINDOWS\System32\kernel.appcore.dll
0x00007ffcf6110000 - 0x00007ffcf6127000 	C:\WINDOWS\System32\cryptsp.dll
0x00007ffce9e20000 - 0x00007ffce9e3a000 	C:\Program Files\Android\Android Studio\jre\jre\bin\net.dll
0x00007ffcf5340000 - 0x00007ffcf53a7000 	C:\WINDOWS\system32\mswsock.dll
0x00007ffce9320000 - 0x00007ffce9331000 	C:\Program Files\Android\Android Studio\jre\jre\bin\nio.dll
0x00007ffcd86b0000 - 0x00007ffcd86d6000 	C:\Users\ﾁngel\.gradle\native\29\windows-amd64\native-platform.dll
0x00007ffcec610000 - 0x00007ffcec61d000 	C:\Program Files\Android\Android Studio\jre\jre\bin\management.dll
0x00007ffcf4eb0000 - 0x00007ffcf4ee3000 	C:\WINDOWS\system32\rsaenh.dll
0x00007ffcf5cf0000 - 0x00007ffcf5d16000 	C:\WINDOWS\System32\bcrypt.dll
0x00007ffcf5a50000 - 0x00007ffcf5a75000 	C:\WINDOWS\SYSTEM32\USERENV.dll
0x00007ffcf5510000 - 0x00007ffcf551c000 	C:\WINDOWS\SYSTEM32\CRYPTBASE.dll
0x00007ffcf5050000 - 0x00007ffcf508a000 	C:\WINDOWS\SYSTEM32\IPHLPAPI.DLL
0x00007ffcf72d0000 - 0x00007ffcf72d8000 	C:\WINDOWS\System32\NSI.dll
0x00007ffcee1f0000 - 0x00007ffcee206000 	C:\WINDOWS\SYSTEM32\dhcpcsvc6.DLL
0x00007ffceeb00000 - 0x00007ffceeb1c000 	C:\WINDOWS\SYSTEM32\dhcpcsvc.DLL
0x00007ffcf5090000 - 0x00007ffcf515a000 	C:\WINDOWS\SYSTEM32\DNSAPI.dll

VM Arguments:
jvm_args: -Xmx1536m -Dfile.encoding=windows-1252 -Duser.country=ES -Duser.language=es -Duser.variant 
java_command: org.gradle.launcher.daemon.bootstrap.GradleDaemon 5.4.1
java_class_path (initial): C:\Users\ﾁngel\.gradle\wrapper\dists\gradle-5.4.1-all\3221gyojl5jsh0helicew7rwx\gradle-5.4.1\lib\gradle-launcher-5.4.1.jar
Launcher Type: SUN_STANDARD

Environment Variables:
PATH=C:\Program Files (x86)\Common Files\Oracle\Java\javapath;C:\Program Files (x86)\Intel\iCLS Client\;C:\Program Files\Intel\iCLS Client\;C:\Windows\system32;C:\Windows;C:\Windows\System32\Wbem;C:\Windows\System32\WindowsPowerShell\v1.0\;C:\Program Files (x86)\Intel\Intel(R) Management Engine Components\DAL;C:\Program Files\Intel\Intel(R) Management Engine Components\DAL;C:\Program Files (x86)\Intel\Intel(R) Management Engine Components\IPT;C:\Program Files\Intel\Intel(R) Management Engine Components\IPT;C:\Program Files (x86)\NVIDIA Corporation\PhysX\Common;C:\WINDOWS\system32;C:\WINDOWS;C:\WINDOWS\System32\Wbem;C:\WINDOWS\System32\WindowsPowerShell\v1.0\;C:\WINDOWS\System32\OpenSSH\;C:\Games\AndroidStudio\Git\cmd;C:\Users\ﾁngel\AppData\Local\Microsoft\WindowsApps;C:\Users\ﾁngel\AppData\Local\atom\bin;%USERPROFILE%\AppData\Local\Microsoft\WindowsApps;
USERNAME=ﾁngel
OS=Windows_NT
PROCESSOR_IDENTIFIER=Intel64 Family 6 Model 158 Stepping 9, GenuineIntel



---------------  S Y S T E M  ---------------

OS: Windows 10.0 , 64 bit Build 18362 (10.0.18362.329)

CPU:total 8 (initial active 8) (4 cores per cpu, 2 threads per core) family 6 model 158 stepping 9, cmov, cx8, fxsr, mmx, sse, sse2, sse3, ssse3, sse4.1, sse4.2, popcnt, avx, avx2, aes, clmul, erms, 3dnowpref, lzcnt, ht, tsc, tscinvbit, bmi1, bmi2, adx

Memory: 4k page, physical 16666788k(2454760k free), swap 16666788k(5408k free)

vm_info: OpenJDK 64-Bit Server VM (25.202-b03) for windows-amd64 JRE (1.8.0_202-release-1483-b03), built by "builder" with MS VC++ 10.0 (VS2010)

time: Thu Oct 24 18:33:24 2019
timezone: Hora de verano romance
elapsed time: 645 seconds (0d 0h 10m 45s)

