#
# There is insufficient memory for the Java Runtime Environment to continue.
# Native memory allocation (malloc) failed to allocate 1289920 bytes for Chunk::new
# Possible reasons:
#   The system is out of physical RAM or swap space
#   The process is running with CompressedOops enabled, and the Java Heap may be blocking the growth of the native heap
# Possible solutions:
#   Reduce memory load on the system
#   Increase physical memory or swap space
#   Check if swap backing store is full
#   Decrease Java heap size (-Xmx/-Xms)
#   Decrease number of Java threads
#   Decrease Java thread stack sizes (-Xss)
#   Set larger code cache with -XX:ReservedCodeCacheSize=
#   JVM is running with Unscaled Compressed Oops mode in which the Java heap is
#     placed in the first 4GB address space. The Java Heap base address is the
#     maximum limit for the native heap growth. Please use -XX:HeapBaseMinAddress
#     to set the Java Heap base and to place the Java Heap above 4GB virtual address.
# This output file may be truncated or incomplete.
#
#  Out of Memory Error (allocation.cpp:389), pid=116620, tid=0x000000000001b214
#
# JRE version: OpenJDK Runtime Environment (8.0_202-b03) (build 1.8.0_202-release-1483-b03)
# Java VM: OpenJDK 64-Bit Server VM (25.202-b03 mixed mode windows-amd64 compressed oops)
# Failed to write core dump. Minidumps are not enabled by default on client versions of Windows
#

---------------  T H R E A D  ---------------

Current thread (0x000000001848d000):  JavaThread "C2 CompilerThread0" daemon [_thread_in_native, id=111124, stack(0x0000000018d80000,0x0000000018e80000)]

Stack: [0x0000000018d80000,0x0000000018e80000]
[error occurred during error reporting (printing stack bounds), id 0xc0000005]

Native frames: (J=compiled Java code, j=interpreted, Vv=VM code, C=native code)


Current CompileTask:
C2:   6033 3964   !   4       com.sun.beans.TypeResolver::resolve (274 bytes)


---------------  P R O C E S S  ---------------

Java Threads: ( => current thread )
  0x000000001dded800 JavaThread "Cache worker for Build Output Cleanup Cache (C:\Games\Activity13\.gradle\buildOutputCleanup)" [_thread_blocked, id=193268, stack(0x0000000023090000,0x0000000023190000)]
  0x000000001ddf0000 JavaThread "pool-1-thread-1" [_thread_blocked, id=38140, stack(0x0000000022770000,0x0000000022870000)]
  0x000000001cb1c000 JavaThread "Build operations Thread 8" [_thread_blocked, id=127112, stack(0x0000000022f90000,0x0000000023090000)]
  0x000000001cb1b800 JavaThread "Build operations Thread 7" [_thread_blocked, id=124404, stack(0x0000000022e90000,0x0000000022f90000)]
  0x000000001cb1a800 JavaThread "Build operations Thread 6" [_thread_blocked, id=78808, stack(0x0000000022d90000,0x0000000022e90000)]
  0x000000001cb19000 JavaThread "Build operations Thread 5" [_thread_blocked, id=135696, stack(0x0000000022c90000,0x0000000022d90000)]
  0x000000001cb18800 JavaThread "Build operations Thread 4" [_thread_blocked, id=182220, stack(0x0000000022b90000,0x0000000022c90000)]
  0x000000001cb17000 JavaThread "Build operations Thread 3" [_thread_blocked, id=114496, stack(0x0000000022a90000,0x0000000022b90000)]
  0x000000001cb1a000 JavaThread "Build operations Thread 2" [_thread_blocked, id=156872, stack(0x0000000022990000,0x0000000022a90000)]
  0x000000001cb16000 JavaThread "Build operations" [_thread_blocked, id=31228, stack(0x0000000022890000,0x0000000022990000)]
  0x000000001cb17800 JavaThread "Cache worker for execution history cache (C:\Users\ﾃ］gel\.gradle\caches\5.4.1\executionHistory)" [_thread_blocked, id=95984, stack(0x0000000022470000,0x0000000022570000)]
  0x000000001a99b800 JavaThread "Cache worker for cache directory md-rule (C:\Users\ﾃ］gel\.gradle\caches\5.4.1\md-rule)" [_thread_blocked, id=45504, stack(0x0000000020eb0000,0x0000000020fb0000)]
  0x000000001a99a000 JavaThread "Cache worker for cache directory md-supplier (C:\Users\ﾃ］gel\.gradle\caches\5.4.1\md-supplier)" [_thread_blocked, id=151600, stack(0x000000001f970000,0x000000001fa70000)]
  0x000000001a994800 JavaThread "Cache worker for file hash cache (C:\Games\Activity13\.gradle\5.4.1\fileHashes)" [_thread_blocked, id=124624, stack(0x000000001f470000,0x000000001f570000)]
  0x000000001a998000 JavaThread "Cache worker for journal cache (C:\Users\ﾃ］gel\.gradle\caches\journal-1)" [_thread_blocked, id=135776, stack(0x000000001cfd0000,0x000000001d0d0000)]
  0x000000001a995800 JavaThread "File lock request listener" [_thread_in_native, id=15648, stack(0x000000001ced0000,0x000000001cfd0000)]
  0x000000001a967000 JavaThread "Cache worker for file hash cache (C:\Users\ﾃ］gel\.gradle\caches\5.4.1\fileHashes)" [_thread_blocked, id=60252, stack(0x000000001cdd0000,0x000000001ced0000)]
  0x000000001a693000 JavaThread "Thread-9" [_thread_blocked, id=157024, stack(0x000000001bd00000,0x000000001be00000)]
  0x000000001a6a1800 JavaThread "Stdin handler" [_thread_blocked, id=119572, stack(0x000000001bc00000,0x000000001bd00000)]
  0x000000001a69e000 JavaThread "Asynchronous log dispatcher for DefaultDaemonConnection: socket connection from /127.0.0.1:57123 to /127.0.0.1:57124" [_thread_blocked, id=190188, stack(0x000000001bb00000,0x000000001bc00000)]
  0x000000001a2e6000 JavaThread "Daemon worker" [_thread_in_vm, id=12940, stack(0x000000001ba00000,0x000000001bb00000)]
  0x000000001a6a5800 JavaThread "Cancel handler" [_thread_blocked, id=35848, stack(0x000000001b900000,0x000000001ba00000)]
  0x000000001a86f000 JavaThread "Handler for socket connection from /127.0.0.1:57123 to /127.0.0.1:57124" [_thread_in_native, id=188772, stack(0x000000001b600000,0x000000001b700000)]
  0x000000001a86a000 JavaThread "Daemon" [_thread_blocked, id=163200, stack(0x000000001b500000,0x000000001b600000)]
  0x000000001a4b8000 JavaThread "Daemon periodic checks" [_thread_blocked, id=118136, stack(0x000000001b400000,0x000000001b500000)]
  0x000000001a931800 JavaThread "Incoming local TCP Connector on port 57123" [_thread_in_native, id=144456, stack(0x000000001b190000,0x000000001b290000)]
  0x000000001a7d8000 JavaThread "Daemon health stats" [_thread_blocked, id=145416, stack(0x000000001ab50000,0x000000001ac50000)]
  0x0000000018521000 JavaThread "Service Thread" daemon [_thread_blocked, id=85156, stack(0x0000000019180000,0x0000000019280000)]
  0x000000001668e000 JavaThread "C1 CompilerThread3" daemon [_thread_blocked, id=95644, stack(0x0000000019080000,0x0000000019180000)]
  0x0000000018493000 JavaThread "C2 CompilerThread2" daemon [_thread_in_native, id=17724, stack(0x0000000018f80000,0x0000000019080000)]
  0x0000000018490000 JavaThread "C2 CompilerThread1" daemon [_thread_in_native, id=35792, stack(0x0000000018e80000,0x0000000018f80000)]
=>0x000000001848d000 JavaThread "C2 CompilerThread0" daemon [_thread_in_native, id=111124, stack(0x0000000018d80000,0x0000000018e80000)]
  0x000000001848c000 JavaThread "Attach Listener" daemon [_thread_blocked, id=195096, stack(0x0000000018c80000,0x0000000018d80000)]
  0x000000001848b000 JavaThread "Signal Dispatcher" daemon [_thread_blocked, id=156940, stack(0x0000000018b80000,0x0000000018c80000)]
  0x00000000028be000 JavaThread "Finalizer" daemon [_thread_blocked, id=97400, stack(0x0000000018960000,0x0000000018a60000)]
  0x00000000028b5000 JavaThread "Reference Handler" daemon [_thread_blocked, id=86336, stack(0x0000000018860000,0x0000000018960000)]
  0x00000000027be800 JavaThread "main" [_thread_blocked, id=65800, stack(0x0000000002680000,0x0000000002780000)]

Other Threads:
  0x0000000016678000 VMThread [stack: 0x0000000018360000,0x0000000018460000] [id=175620]
  0x0000000018521800 WatcherThread [stack: 0x0000000019280000,0x0000000019380000] [id=5512]

VM state:not at safepoint (normal execution)

VM Mutex/Monitor currently owned by a thread: None

heap address: 0x00000000a0000000, size: 1536 MB, Compressed Oops mode: 32-bit
Narrow klass base: 0x0000000000000000, Narrow klass shift: 3
Compressed class space size: 1073741824 Address: 0x0000000100000000

Heap:
 PSYoungGen      total 139264K, used 26053K [0x00000000e0000000, 0x00000000eae00000, 0x0000000100000000)
  eden space 128512K, 11% used [0x00000000e0000000,0x00000000e0ef45c0,0x00000000e7d80000)
  from space 10752K, 99% used [0x00000000e7d80000,0x00000000e87fd0c0,0x00000000e8800000)
  to   space 13824K, 0% used [0x00000000ea080000,0x00000000ea080000,0x00000000eae00000)
 ParOldGen       total 110080K, used 21249K [0x00000000a0000000, 0x00000000a6b80000, 0x00000000e0000000)
  object space 110080K, 19% used [0x00000000a0000000,0x00000000a14c0740,0x00000000a6b80000)
 Metaspace       used 48521K, capacity 49774K, committed 49960K, reserved 1091584K
  class space    used 6572K, capacity 6916K, committed 6952K, reserved 1048576K

Card table byte_map: [0x0000000011c80000,0x0000000011f90000] byte_map_base: 0x0000000011780000

Marking Bits: (ParMarkBitMap*) 0x0000000077e69f30
 Begin Bits: [0x0000000012990000, 0x0000000014190000)
 End Bits:   [0x0000000014190000, 0x0000000015990000)

Polling page: 0x0000000000850000

CodeCache: size=245760Kb used=13368Kb max_used=14234Kb free=232391Kb
 bounds [0x00000000028c0000, 0x00000000036b0000, 0x00000000118c0000]
 total_blobs=4668 nmethods=3903 adapters=678
 compilation: enabled

Compilation events (10 events):
Event: 5.965 Thread 0x000000001668e000 nmethod 4165 0x0000000002c0d110 code [0x0000000002c0d260, 0x0000000002c0d370]
Event: 5.973 Thread 0x0000000018493000 4166  s    4       java.util.jar.JarFile::getInputStream (89 bytes)
Event: 5.979 Thread 0x000000001668e000 4168       3       java.util.LinkedHashMap::entrySet (27 bytes)
Event: 5.979 Thread 0x000000001668e000 nmethod 4168 0x0000000002a01090 code [0x0000000002a01220, 0x0000000002a015d0]
Event: 5.979 Thread 0x000000001668e000 4169       3       java.util.LinkedHashMap$LinkedEntrySet::iterator (12 bytes)
Event: 5.980 Thread 0x000000001668e000 nmethod 4169 0x0000000002a64510 code [0x0000000002a64680, 0x0000000002a64990]
Event: 5.980 Thread 0x000000001668e000 4170       3       java.util.LinkedHashMap$LinkedEntryIterator::<init> (11 bytes)
Event: 5.980 Thread 0x000000001668e000 nmethod 4170 0x0000000002a0d050 code [0x0000000002a0d1c0, 0x0000000002a0d430]
Event: 5.980 Thread 0x000000001668e000 4171       3       java.net.URL::openConnection (9 bytes)
Event: 5.980 Thread 0x000000001668e000 nmethod 4171 0x00000000029ef710 code [0x00000000029ef880, 0x00000000029efaa8]

GC Heap History (10 events):
Event: 3.377 GC heap before
{Heap before GC invocations=5 (full 1):
 PSYoungGen      total 76288K, used 65536K [0x00000000e0000000, 0x00000000e9500000, 0x0000000100000000)
  eden space 65536K, 100% used [0x00000000e0000000,0x00000000e4000000,0x00000000e4000000)
  from space 10752K, 0% used [0x00000000e4000000,0x00000000e4000000,0x00000000e4a80000)
  to   space 10752K, 0% used [0x00000000e8a80000,0x00000000e8a80000,0x00000000e9500000)
 ParOldGen       total 110080K, used 11420K [0x00000000a0000000, 0x00000000a6b80000, 0x00000000e0000000)
  object space 110080K, 10% used [0x00000000a0000000,0x00000000a0b273d0,0x00000000a6b80000)
 Metaspace       used 28882K, capacity 29490K, committed 29824K, reserved 1075200K
  class space    used 3903K, capacity 4100K, committed 4224K, reserved 1048576K
Event: 3.385 GC heap after
Heap after GC invocations=5 (full 1):
 PSYoungGen      total 107520K, used 7890K [0x00000000e0000000, 0x00000000e9280000, 0x0000000100000000)
  eden space 99328K, 0% used [0x00000000e0000000,0x00000000e0000000,0x00000000e6100000)
  from space 8192K, 96% used [0x00000000e8a80000,0x00000000e9234aa0,0x00000000e9280000)
  to   space 10752K, 0% used [0x00000000e7d80000,0x00000000e7d80000,0x00000000e8800000)
 ParOldGen       total 110080K, used 11428K [0x00000000a0000000, 0x00000000a6b80000, 0x00000000e0000000)
  object space 110080K, 10% used [0x00000000a0000000,0x00000000a0b293d0,0x00000000a6b80000)
 Metaspace       used 28882K, capacity 29490K, committed 29824K, reserved 1075200K
  class space    used 3903K, capacity 4100K, committed 4224K, reserved 1048576K
}
Event: 4.186 GC heap before
{Heap before GC invocations=6 (full 1):
 PSYoungGen      total 107520K, used 107218K [0x00000000e0000000, 0x00000000e9280000, 0x0000000100000000)
  eden space 99328K, 100% used [0x00000000e0000000,0x00000000e6100000,0x00000000e6100000)
  from space 8192K, 96% used [0x00000000e8a80000,0x00000000e9234aa0,0x00000000e9280000)
  to   space 10752K, 0% used [0x00000000e7d80000,0x00000000e7d80000,0x00000000e8800000)
 ParOldGen       total 110080K, used 11428K [0x00000000a0000000, 0x00000000a6b80000, 0x00000000e0000000)
  object space 110080K, 10% used [0x00000000a0000000,0x00000000a0b293d0,0x00000000a6b80000)
 Metaspace       used 33908K, capacity 34604K, committed 34944K, reserved 1079296K
  class space    used 4682K, capacity 4887K, committed 4992K, reserved 1048576K
Event: 4.195 GC heap after
Heap after GC invocations=6 (full 1):
 PSYoungGen      total 139264K, used 10748K [0x00000000e0000000, 0x00000000eae00000, 0x0000000100000000)
  eden space 128512K, 0% used [0x00000000e0000000,0x00000000e0000000,0x00000000e7d80000)
  from space 10752K, 99% used [0x00000000e7d80000,0x00000000e87ff008,0x00000000e8800000)
  to   space 13824K, 0% used [0x00000000ea080000,0x00000000ea080000,0x00000000eae00000)
 ParOldGen       total 110080K, used 11629K [0x00000000a0000000, 0x00000000a6b80000, 0x00000000e0000000)
  object space 110080K, 10% used [0x00000000a0000000,0x00000000a0b5b770,0x00000000a6b80000)
 Metaspace       used 33908K, capacity 34604K, committed 34944K, reserved 1079296K
  class space    used 4682K, capacity 4887K, committed 4992K, reserved 1048576K
}
Event: 4.453 GC heap before
{Heap before GC invocations=7 (full 1):
 PSYoungGen      total 139264K, used 32874K [0x00000000e0000000, 0x00000000eae00000, 0x0000000100000000)
  eden space 128512K, 17% used [0x00000000e0000000,0x00000000e159baf8,0x00000000e7d80000)
  from space 10752K, 99% used [0x00000000e7d80000,0x00000000e87ff008,0x00000000e8800000)
  to   space 13824K, 0% used [0x00000000ea080000,0x00000000ea080000,0x00000000eae00000)
 ParOldGen       total 110080K, used 11629K [0x00000000a0000000, 0x00000000a6b80000, 0x00000000e0000000)
  object space 110080K, 10% used [0x00000000a0000000,0x00000000a0b5b770,0x00000000a6b80000)
 Metaspace       used 34637K, capacity 35468K, committed 35496K, reserved 1079296K
  class space    used 4789K, capacity 5005K, committed 5032K, reserved 1048576K
Event: 4.460 GC heap after
Heap after GC invocations=7 (full 1):
 PSYoungGen      total 142336K, used 8450K [0x00000000e0000000, 0x00000000eae00000, 0x0000000100000000)
  eden space 128512K, 0% used [0x00000000e0000000,0x00000000e0000000,0x00000000e7d80000)
  from space 13824K, 61% used [0x00000000ea080000,0x00000000ea8c0b18,0x00000000eae00000)
  to   space 10752K, 0% used [0x00000000e7d80000,0x00000000e7d80000,0x00000000e8800000)
 ParOldGen       total 110080K, used 11637K [0x00000000a0000000, 0x00000000a6b80000, 0x00000000e0000000)
  object space 110080K, 10% used [0x00000000a0000000,0x00000000a0b5d770,0x00000000a6b80000)
 Metaspace       used 34637K, capacity 35468K, committed 35496K, reserved 1079296K
  class space    used 4789K, capacity 5005K, committed 5032K, reserved 1048576K
}
Event: 4.460 GC heap before
{Heap before GC invocations=8 (full 2):
 PSYoungGen      total 142336K, used 8450K [0x00000000e0000000, 0x00000000eae00000, 0x0000000100000000)
  eden space 128512K, 0% used [0x00000000e0000000,0x00000000e0000000,0x00000000e7d80000)
  from space 13824K, 61% used [0x00000000ea080000,0x00000000ea8c0b18,0x00000000eae00000)
  to   space 10752K, 0% used [0x00000000e7d80000,0x00000000e7d80000,0x00000000e8800000)
 ParOldGen       total 110080K, used 11637K [0x00000000a0000000, 0x00000000a6b80000, 0x00000000e0000000)
  object space 110080K, 10% used [0x00000000a0000000,0x00000000a0b5d770,0x00000000a6b80000)
 Metaspace       used 34637K, capacity 35468K, committed 35496K, reserved 1079296K
  class space    used 4789K, capacity 5005K, committed 5032K, reserved 1048576K
Event: 4.534 GC heap after
Heap after GC invocations=8 (full 2):
 PSYoungGen      total 142336K, used 0K [0x00000000e0000000, 0x00000000eae00000, 0x0000000100000000)
  eden space 128512K, 0% used [0x00000000e0000000,0x00000000e0000000,0x00000000e7d80000)
  from space 13824K, 0% used [0x00000000ea080000,0x00000000ea080000,0x00000000eae00000)
  to   space 10752K, 0% used [0x00000000e7d80000,0x00000000e7d80000,0x00000000e8800000)
 ParOldGen       total 110080K, used 15282K [0x00000000a0000000, 0x00000000a6b80000, 0x00000000e0000000)
  object space 110080K, 13% used [0x00000000a0000000,0x00000000a0eec820,0x00000000a6b80000)
 Metaspace       used 34616K, capacity 35402K, committed 35496K, reserved 1079296K
  class space    used 4783K, capacity 4994K, committed 5032K, reserved 1048576K
}
Event: 5.877 GC heap before
{Heap before GC invocations=9 (full 2):
 PSYoungGen      total 142336K, used 128512K [0x00000000e0000000, 0x00000000eae00000, 0x0000000100000000)
  eden space 128512K, 100% used [0x00000000e0000000,0x00000000e7d80000,0x00000000e7d80000)
  from space 13824K, 0% used [0x00000000ea080000,0x00000000ea080000,0x00000000eae00000)
  to   space 10752K, 0% used [0x00000000e7d80000,0x00000000e7d80000,0x00000000e8800000)
 ParOldGen       total 110080K, used 15282K [0x00000000a0000000, 0x00000000a6b80000, 0x00000000e0000000)
  object space 110080K, 13% used [0x00000000a0000000,0x00000000a0eec820,0x00000000a6b80000)
 Metaspace       used 47471K, capacity 48712K, committed 48808K, reserved 1091584K
  class space    used 6407K, capacity 6763K, committed 6824K, reserved 1048576K
Event: 5.890 GC heap after
Heap after GC invocations=9 (full 2):
 PSYoungGen      total 139264K, used 10740K [0x00000000e0000000, 0x00000000eae00000, 0x0000000100000000)
  eden space 128512K, 0% used [0x00000000e0000000,0x00000000e0000000,0x00000000e7d80000)
  from space 10752K, 99% used [0x00000000e7d80000,0x00000000e87fd0c0,0x00000000e8800000)
  to   space 13824K, 0% used [0x00000000ea080000,0x00000000ea080000,0x00000000eae00000)
 ParOldGen       total 110080K, used 21249K [0x00000000a0000000, 0x00000000a6b80000, 0x00000000e0000000)
  object space 110080K, 19% used [0x00000000a0000000,0x00000000a14c0740,0x00000000a6b80000)
 Metaspace       used 47471K, capacity 48712K, committed 48808K, reserved 1091584K
  class space    used 6407K, capacity 6763K, committed 6824K, reserved 1048576K
}

Deoptimization events (10 events):
Event: 5.103 Thread 0x000000001a2e6000 Uncommon trap: reason=unstable_if action=reinterpret pc=0x000000000339cd70 method=java.security.CodeSource.<init>(Ljava/net/URL;[Ljava/security/CodeSigner;)V @ 25
Event: 5.104 Thread 0x000000001a2e6000 Uncommon trap: reason=unstable_if action=reinterpret pc=0x0000000002dd796c method=java.security.CodeSource.getCertificates()[Ljava/security/cert/Certificate; @ 22
Event: 5.105 Thread 0x000000001a2e6000 Uncommon trap: reason=unstable_if action=reinterpret pc=0x00000000031583d8 method=java.util.jar.JarFile.maybeInstantiateVerifier()V @ 4
Event: 5.105 Thread 0x000000001a2e6000 Uncommon trap: reason=unstable_if action=reinterpret pc=0x0000000003435abc method=java.security.CodeSource.matchCerts(Ljava/security/CodeSource;Z)Z @ 11
Event: 5.125 Thread 0x000000001a2e6000 Uncommon trap: reason=unstable_if action=reinterpret pc=0x000000000332b97c method=java.util.LinkedHashMap.get(Ljava/lang/Object;)Ljava/lang/Object; @ 20
Event: 5.180 Thread 0x000000001a2e6000 Uncommon trap: reason=unstable_if action=reinterpret pc=0x00000000031d0868 method=org.objectweb.asm.ByteVector.putUTF8(Ljava/lang/String;)Lorg/objectweb/asm/ByteVector; @ 93
Event: 5.263 Thread 0x000000001a2e6000 Uncommon trap: reason=unstable_if action=reinterpret pc=0x0000000003077eb0 method=org.objectweb.asm.ByteVector.putUTF8(Ljava/lang/String;)Lorg/objectweb/asm/ByteVector; @ 93
Event: 5.518 Thread 0x000000001a2e6000 Uncommon trap: reason=unstable_if action=reinterpret pc=0x0000000003103560 method=org.gradle.internal.reflect.PropertyAccessorType.of(Ljava/lang/reflect/Method;)Lorg/gradle/internal/reflect/PropertyAccessorType; @ 56
Event: 5.718 Thread 0x000000001a2e6000 Uncommon trap: reason=unstable_if action=reinterpret pc=0x0000000003500eb0 method=org.gradle.internal.instantiation.AbstractClassGenerator$InjectionAnnotationValidator.validateMethod(Ljava/lang/reflect/Method;Lorg/gradle/internal/reflect/PropertyAccessorT
Event: 5.968 Thread 0x000000001a2e6000 Uncommon trap: reason=unstable_if action=reinterpret pc=0x0000000002e0bea4 method=java.lang.String.lastIndexOf([CII[CIII)I @ 17

Classes redefined (0 events):
No events

Internal exceptions (10 events):
Event: 5.646 Thread 0x000000001a2e6000 Exception <a 'java/lang/ClassNotFoundException': org/gradle/api/internal/file/CompositeFileTreeCustomizer> (0x00000000e7278e60) thrown at [D:\src\AOSP-openjdk-cygwin\jdk8u\hotspot\src\share\vm\classfile\systemDictionary.cpp, line 210]
Event: 5.647 Thread 0x000000001a2e6000 Exception <a 'java/lang/ClassNotFoundException': org/gradle/api/internal/file/collections/DefaultConfigurableFileTreeCustomizer> (0x00000000e72c6b10) thrown at [D:\src\AOSP-openjdk-cygwin\jdk8u\hotspot\src\share\vm\classfile\systemDictionary.cpp, line 210
Event: 5.836 Thread 0x000000001a2e6000 Exception <a 'java/lang/ClassNotFoundException': org/gradle/api/plugins/internal/DefaultBasePluginConventionBeanInfo> (0x00000000e7b61208) thrown at [D:\src\AOSP-openjdk-cygwin\jdk8u\hotspot\src\share\vm\classfile\systemDictionary.cpp, line 210]
Event: 5.837 Thread 0x000000001a2e6000 Exception <a 'java/lang/ClassNotFoundException': org/gradle/api/plugins/BasePluginConventionBeanInfo> (0x00000000e7b86e68) thrown at [D:\src\AOSP-openjdk-cygwin\jdk8u\hotspot\src\share\vm\classfile\systemDictionary.cpp, line 210]
Event: 5.837 Thread 0x000000001a2e6000 Exception <a 'java/lang/ClassNotFoundException': org/gradle/api/plugins/BasePluginConventionCustomizer> (0x00000000e7bad420) thrown at [D:\src\AOSP-openjdk-cygwin\jdk8u\hotspot\src\share\vm\classfile\systemDictionary.cpp, line 210]
Event: 5.838 Thread 0x000000001a2e6000 Exception <a 'java/lang/ClassNotFoundException': org/gradle/api/plugins/internal/DefaultBasePluginConventionCustomizer> (0x00000000e7becd88) thrown at [D:\src\AOSP-openjdk-cygwin\jdk8u\hotspot\src\share\vm\classfile\systemDictionary.cpp, line 210]
Event: 5.845 Thread 0x000000001a2e6000 Exception <a 'java/lang/NoSuchMethodError': java.lang.Object.lambda$comparing$77a9974f$1(Ljava/util/function/Function;Ljava/lang/Object;Ljava/lang/Object;)I> (0x00000000e7c63618) thrown at [D:\src\AOSP-openjdk-cygwin\jdk8u\hotspot\src\share\vm\interpreter
Event: 5.847 Thread 0x000000001a2e6000 Exception <a 'java/lang/NoSuchMethodError': java.lang.Object.lambda$comparingInt$7b0bb60$1(Ljava/util/function/ToIntFunction;Ljava/lang/Object;Ljava/lang/Object;)I> (0x00000000e7c6db50) thrown at [D:\src\AOSP-openjdk-cygwin\jdk8u\hotspot\src\share\vm\inte
Event: 5.847 Thread 0x000000001a2e6000 Exception <a 'java/lang/NoSuchMethodError': java.lang.Object.lambda$thenComparing$36697e65$1(Ljava/util/Comparator;Ljava/lang/Object;Ljava/lang/Object;)I> (0x00000000e7c766d8) thrown at [D:\src\AOSP-openjdk-cygwin\jdk8u\hotspot\src\share\vm\interpreter\li
Event: 5.849 Thread 0x000000001a2e6000 Exception <a 'java/lang/NoSuchMethodError': java.lang.Object.lambda$comparing$ea9a8b3a$1(Ljava/util/Comparator;Ljava/util/function/Function;Ljava/lang/Object;Ljava/lang/Object;)I> (0x00000000e7c840c0) thrown at [D:\src\AOSP-openjdk-cygwin\jdk8u\hotspot\sr

Events (10 events):
Event: 6.028 loading class kotlin/reflect/jvm/internal/impl/descriptors/impl/PropertyDescriptorImpl
Event: 6.028 loading class kotlin/reflect/jvm/internal/impl/descriptors/impl/PropertyDescriptorImpl done
Event: 6.029 loading class kotlin/reflect/jvm/internal/impl/descriptors/impl/VariableDescriptorWithInitializerImpl
Event: 6.029 loading class kotlin/reflect/jvm/internal/impl/descriptors/impl/VariableDescriptorWithInitializerImpl done
Event: 6.030 loading class kotlin/reflect/jvm/internal/impl/descriptors/impl/VariableDescriptorImpl
Event: 6.030 loading class kotlin/reflect/jvm/internal/impl/descriptors/impl/VariableDescriptorImpl done
Event: 6.031 loading class kotlin/reflect/jvm/internal/impl/descriptors/PropertyAccessorDescriptor
Event: 6.031 loading class kotlin/reflect/jvm/internal/impl/descriptors/PropertyAccessorDescriptor done
Event: 6.031 loading class kotlin/reflect/jvm/internal/impl/descriptors/VariableAccessorDescriptor
Event: 6.031 loading class kotlin/reflect/jvm/internal/impl/descriptors/VariableAccessorDescriptor done


Dynamic libraries:
0x00007ff613d50000 - 0x00007ff613d81000 	C:\Program Files\Android\Android Studio\jre\bin\java.exe
0x00007fff39c40000 - 0x00007fff39e30000 	C:\WINDOWS\SYSTEM32\ntdll.dll
0x00007fff38c70000 - 0x00007fff38d22000 	C:\WINDOWS\System32\KERNEL32.DLL
0x00007fff36ef0000 - 0x00007fff37193000 	C:\WINDOWS\System32\KERNELBASE.dll
0x00007fff38ab0000 - 0x00007fff38b53000 	C:\WINDOWS\System32\ADVAPI32.dll
0x00007fff39b60000 - 0x00007fff39bfe000 	C:\WINDOWS\System32\msvcrt.dll
0x00007fff39180000 - 0x00007fff39217000 	C:\WINDOWS\System32\sechost.dll
0x00007fff38ec0000 - 0x00007fff38fe0000 	C:\WINDOWS\System32\RPCRT4.dll
0x00007fff38fe0000 - 0x00007fff39174000 	C:\WINDOWS\System32\USER32.dll
0x00007fff36c50000 - 0x00007fff36c71000 	C:\WINDOWS\System32\win32u.dll
0x00007fff393d0000 - 0x00007fff393f6000 	C:\WINDOWS\System32\GDI32.dll
0x00007fff37b50000 - 0x00007fff37ce4000 	C:\WINDOWS\System32\gdi32full.dll
0x00007fff37a50000 - 0x00007fff37aee000 	C:\WINDOWS\System32\msvcp_win.dll
0x00007fff37950000 - 0x00007fff37a4a000 	C:\WINDOWS\System32\ucrtbase.dll
0x00007fff25ce0000 - 0x00007fff25f65000 	C:\WINDOWS\WinSxS\amd64_microsoft.windows.common-controls_6595b64144ccf1df_6.0.18362.418_none_e6c6b287130d565d\COMCTL32.dll
0x00007fff39710000 - 0x00007fff39a46000 	C:\WINDOWS\System32\combase.dll
0x00007fff36bd0000 - 0x00007fff36c50000 	C:\WINDOWS\System32\bcryptPrimitives.dll
0x00007fff395a0000 - 0x00007fff395ce000 	C:\WINDOWS\System32\IMM32.DLL
0x0000000050a80000 - 0x0000000050b52000 	C:\Program Files\Android\Android Studio\jre\jre\bin\msvcr100.dll
0x00000000776a0000 - 0x0000000077ee6000 	C:\Program Files\Android\Android Studio\jre\jre\bin\server\jvm.dll
0x00007fff38c60000 - 0x00007fff38c68000 	C:\WINDOWS\System32\PSAPI.DLL
0x00007fff21410000 - 0x00007fff21419000 	C:\WINDOWS\SYSTEM32\WSOCK32.dll
0x00007fff2eff0000 - 0x00007fff2effa000 	C:\WINDOWS\SYSTEM32\VERSION.dll
0x00007fff39400000 - 0x00007fff3946f000 	C:\WINDOWS\System32\WS2_32.dll
0x00007fff30f20000 - 0x00007fff30f44000 	C:\WINDOWS\SYSTEM32\WINMM.dll
0x00007fff30cc0000 - 0x00007fff30ced000 	C:\WINDOWS\SYSTEM32\winmmbase.dll
0x00007fff36dd0000 - 0x00007fff36e1a000 	C:\WINDOWS\System32\cfgmgr32.dll
0x00007fff2f790000 - 0x00007fff2f79f000 	C:\Program Files\Android\Android Studio\jre\jre\bin\verify.dll
0x00007fff14520000 - 0x00007fff14549000 	C:\Program Files\Android\Android Studio\jre\jre\bin\java.dll
0x00007fff1f230000 - 0x00007fff1f246000 	C:\Program Files\Android\Android Studio\jre\jre\bin\zip.dll
0x00007fff37cf0000 - 0x00007fff383d5000 	C:\WINDOWS\System32\SHELL32.dll
0x00007fff38a00000 - 0x00007fff38aa9000 	C:\WINDOWS\System32\shcore.dll
0x00007fff371a0000 - 0x00007fff3791f000 	C:\WINDOWS\System32\windows.storage.dll
0x00007fff36bb0000 - 0x00007fff36bcf000 	C:\WINDOWS\System32\profapi.dll
0x00007fff36b40000 - 0x00007fff36b8a000 	C:\WINDOWS\System32\powrprof.dll
0x00007fff36b10000 - 0x00007fff36b20000 	C:\WINDOWS\System32\UMPDC.dll
0x00007fff39a50000 - 0x00007fff39aa2000 	C:\WINDOWS\System32\shlwapi.dll
0x00007fff36b90000 - 0x00007fff36ba1000 	C:\WINDOWS\System32\kernel.appcore.dll
0x00007fff36ed0000 - 0x00007fff36ee7000 	C:\WINDOWS\System32\cryptsp.dll
0x00007fff1d500000 - 0x00007fff1d51a000 	C:\Program Files\Android\Android Studio\jre\jre\bin\net.dll
0x00007fff36320000 - 0x00007fff36387000 	C:\WINDOWS\system32\mswsock.dll
0x00007fff1c510000 - 0x00007fff1c521000 	C:\Program Files\Android\Android Studio\jre\jre\bin\nio.dll
0x00007fff20270000 - 0x00007fff20296000 	C:\Users\ﾁngel\.gradle\native\29\windows-amd64\native-platform.dll
0x00007fff2cd40000 - 0x00007fff2cd4d000 	C:\Program Files\Android\Android Studio\jre\jre\bin\management.dll
0x00007fff35e90000 - 0x00007fff35ec3000 	C:\WINDOWS\system32\rsaenh.dll
0x00007fff37920000 - 0x00007fff37946000 	C:\WINDOWS\System32\bcrypt.dll
0x00007fff36a30000 - 0x00007fff36a55000 	C:\WINDOWS\SYSTEM32\USERENV.dll
0x00007fff364f0000 - 0x00007fff364fc000 	C:\WINDOWS\SYSTEM32\CRYPTBASE.dll
0x00007fff36030000 - 0x00007fff3606a000 	C:\WINDOWS\SYSTEM32\IPHLPAPI.DLL
0x00007fff383e0000 - 0x00007fff383e8000 	C:\WINDOWS\System32\NSI.dll
0x00007fff2edc0000 - 0x00007fff2edd6000 	C:\WINDOWS\SYSTEM32\dhcpcsvc6.DLL
0x00007fff2ed50000 - 0x00007fff2ed6c000 	C:\WINDOWS\SYSTEM32\dhcpcsvc.DLL
0x00007fff36070000 - 0x00007fff3613a000 	C:\WINDOWS\SYSTEM32\DNSAPI.dll

VM Arguments:
jvm_args: -Xmx1536m -Dfile.encoding=windows-1252 -Duser.country=ES -Duser.language=es -Duser.variant 
java_command: org.gradle.launcher.daemon.bootstrap.GradleDaemon 5.4.1
java_class_path (initial): C:\Users\ﾁngel\.gradle\wrapper\dists\gradle-5.4.1-all\3221gyojl5jsh0helicew7rwx\gradle-5.4.1\lib\gradle-launcher-5.4.1.jar
Launcher Type: SUN_STANDARD

Environment Variables:
PATH=C:\Program Files (x86)\Common Files\Oracle\Java\javapath;C:\Program Files (x86)\Intel\iCLS Client\;C:\Program Files\Intel\iCLS Client\;C:\Windows\system32;C:\Windows;C:\Windows\System32\Wbem;C:\Windows\System32\WindowsPowerShell\v1.0\;C:\Program Files (x86)\Intel\Intel(R) Management Engine Components\DAL;C:\Program Files\Intel\Intel(R) Management Engine Components\DAL;C:\Program Files (x86)\Intel\Intel(R) Management Engine Components\IPT;C:\Program Files\Intel\Intel(R) Management Engine Components\IPT;C:\Program Files (x86)\NVIDIA Corporation\PhysX\Common;C:\WINDOWS\system32;C:\WINDOWS;C:\WINDOWS\System32\Wbem;C:\WINDOWS\System32\WindowsPowerShell\v1.0\;C:\WINDOWS\System32\OpenSSH\;C:\Users\ﾁngel\AppData\Local\Microsoft\WindowsApps;C:\Users\ﾁngel\AppData\Local\atom\bin;%USERPROFILE%\AppData\Local\Microsoft\WindowsApps;
USERNAME=ﾁngel
OS=Windows_NT
PROCESSOR_IDENTIFIER=Intel64 Family 6 Model 158 Stepping 9, GenuineIntel



---------------  S Y S T E M  ---------------

OS: Windows 10.0 , 64 bit Build 18362 (10.0.18362.329)

CPU:total 8 (initial active 8) (4 cores per cpu, 2 threads per core) family 6 model 158 stepping 9, cmov, cx8, fxsr, mmx, sse, sse2, sse3, ssse3, sse4.1, sse4.2, popcnt, avx, avx2, aes, clmul, erms, 3dnowpref, lzcnt, ht, tsc, tscinvbit, bmi1, bmi2, adx

Memory: 4k page, physical 16666788k(1723544k free), swap 16666788k(5860k free)

vm_info: OpenJDK 64-Bit Server VM (25.202-b03) for windows-amd64 JRE (1.8.0_202-release-1483-b03), built by "builder" with MS VC++ 10.0 (VS2010)

time: Wed Oct 23 18:24:34 2019
timezone: Hora de verano romance
elapsed time: 6 seconds (0d 0h 0m 6s)

